<beans xmlns="http://www.springframework.org/schema/beans"
	xmlns:xsi="http://www.w3.org/2001/XMLSchema-instance"
	xmlns:context="http://www.springframework.org/schema/context"
	xsi:schemaLocation="http://www.springframework.org/schema/beans 
http://www.springframework.org/schema/beans/spring-beans-4.1.xsd
http://www.springframework.org/schema/context http://www.springframework.org/schema/context/spring-context-4.1.xsd">

	<context:annotation-config />

	<bean
		class="org.springframework.ws.server.endpoint.mapping.PayloadRootAnnotationMethodEndpointMapping" />
	<bean
		class="org.springframework.ws.server.endpoint.adapter.GenericMarshallingMethodEndpointAdapter">
		<property name="marshaller" ref="marshaller" />
		<property name="unmarshaller" ref="marshaller" />
	</bean>

	<bean id="marshaller" class="org.springframework.oxm.xmlbeans.XmlBeansMarshaller" />

	<bean id="webServiceTemplate" class="org.springframework.ws.client.core.WebServiceTemplate">
		<property name="marshaller" ref="marshaller" />
		<property name="unmarshaller" ref="marshaller" />
		<property name="defaultUri" value="http://localhost:8080/SpringWSProject-0.0.1-SNAPSHOT" />
		<property name="messageSender">
			<bean class="org.springframework.ws.transport.http.HttpComponentsMessageSender">
				<property name="connectionTimeout" value="1200000" />
				<property name="readTimeout" value="1200000" />
			</bean>
		</property>
	</bean>

</beans>